
============================================================
=== AdaBoost 实验测试时间: 2026-04-07 16:25:27 ===
============================================================
========================================
模型开始测试 [基础AdaBoost 二分类] ...
========================================
>> 正在训练二分类模型，正在查找切分点，请稍候...
>> 训练完成！开始预测测试集...

============================================================
=== AdaBoost 实验测试时间: 2026-04-07 16:26:00 ===
============================================================
========================================
模型开始测试 [基础AdaBoost 二分类] ...
========================================
>> 正在训练二分类模型，正在查找切分点，请稍候...
>> 训练完成！开始预测测试集...
✅ 样本 01 | 预测:  1 ---- 真实:  1
✅ 样本 02 | 预测: -1 ---- 真实: -1
✅ 样本 03 | 预测:  1 ---- 真实:  1
❌ 样本 04 | 预测: -1 ---- 真实:  1
❌ 样本 05 | 预测: -1 ---- 真实:  1
✅ 样本 06 | 预测:  1 ---- 真实:  1
❌ 样本 07 | 预测:  1 ---- 真实: -1
✅ 样本 08 | 预测:  1 ---- 真实:  1
❌ 样本 09 | 预测:  1 ---- 真实: -1
✅ 样本 10 | 预测:  1 ---- 真实:  1
✅ 样本 11 | 预测: -1 ---- 真实: -1
✅ 样本 12 | 预测: -1 ---- 真实: -1
✅ 样本 13 | 预测:  1 ---- 真实:  1
✅ 样本 14 | 预测: -1 ---- 真实: -1
✅ 样本 15 | 预测:  1 ---- 真实:  1
❌ 样本 16 | 预测: -1 ---- 真实:  1
✅ 样本 17 | 预测: -1 ---- 真实: -1
✅ 样本 18 | 预测:  1 ---- 真实:  1
✅ 样本 19 | 预测:  1 ---- 真实:  1
✅ 样本 20 | 预测:  1 ---- 真实:  1
...
========================================
 [AdaBoost 二分类]模型准确率：73.31 %  (953/1300)
========================================

------------------------------------------------------------

========================================
模型开始测试 [进阶AdaBoost (SAMME) 多分类] ...
========================================
>> 正在训练多分类模型 (SAMME)...
>> 训练完成！开始预测测试集...
❌ 样本 01 | 预测等级: 6 ---- 真实等级: 8
✅ 样本 02 | 预测等级: 5 ---- 真实等级: 5
✅ 样本 03 | 预测等级: 7 ---- 真实等级: 7
❌ 样本 04 | 预测等级: 5 ---- 真实等级: 6
❌ 样本 05 | 预测等级: 5 ---- 真实等级: 6
✅ 样本 06 | 预测等级: 6 ---- 真实等级: 6
✅ 样本 07 | 预测等级: 5 ---- 真实等级: 5
✅ 样本 08 | 预测等级: 6 ---- 真实等级: 6
❌ 样本 09 | 预测等级: 6 ---- 真实等级: 5
✅ 样本 10 | 预测等级: 7 ---- 真实等级: 7
✅ 样本 11 | 预测等级: 5 ---- 真实等级: 5
✅ 样本 12 | 预测等级: 5 ---- 真实等级: 5
✅ 样本 13 | 预测等级: 7 ---- 真实等级: 7
✅ 样本 14 | 预测等级: 5 ---- 真实等级: 5
❌ 样本 15 | 预测等级: 6 ---- 真实等级: 7
❌ 样本 16 | 预测等级: 5 ---- 真实等级: 6
✅ 样本 17 | 预测等级: 5 ---- 真实等级: 5
✅ 样本 18 | 预测等级: 6 ---- 真实等级: 6
❌ 样本 19 | 预测等级: 6 ---- 真实等级: 7
✅ 样本 20 | 预测等级: 6 ---- 真实等级: 6
...
========================================
[AdaBoost 多分类]模型准确率：50.46 %  (656/1300)
========================================


=== 所有对比实验执行完毕，结果已安全保存至 experiment_results.log ===
