================================================================================
AdaBoost 弱分类器数量对比分析
运行时间: 2026-04-07 16:58:59
================================================================================
数据集: Wine Quality (6497 samples, 11 features)
训练集: 5197 samples, 测试集: 1300 samples
二分类标签: quality>=6 -> 1, <6 -> -1
多分类标签: quality [3, 4, 5, 6, 7, 8, 9]

 n_clf |       自实现二分类 |   sklearn二分类 |     自实现SAMME | sklearn SAMME
------------------------------------------------------------------------
>> 正在测试 n_clf = 1 ... 69.23% | 62.92% | 44.85% | 44.85%
     1 |       69.23% |       62.92% |       44.85% |       44.85%
>> 正在测试 n_clf = 3 ... 69.92% | 71.15% | 37.54% | 37.54%
     3 |       69.92% |       71.15% |       37.54% |       37.54%
>> 正在测试 n_clf = 5 ... 69.62% | 71.15% | 42.46% | 42.46%
     5 |       69.62% |       71.15% |       42.46% |       42.46%
>> 正在测试 n_clf = 10 ... 71.62% | 71.15% | 46.85% | 46.85%
    10 |       71.62% |       71.15% |       46.85% |       46.85%
>> 正在测试 n_clf = 15 ... 72.92% | 71.08% | 50.54% | 50.54%
    15 |       72.92% |       71.08% |       50.54% |       50.54%
>> 正在测试 n_clf = 20 ... 72.85% | 71.46% | 46.54% | 46.54%
    20 |       72.85% |       71.46% |       46.54% |       46.54%
>> 正在测试 n_clf = 30 ... 73.31% | 72.77% | 48.38% | 48.38%
    30 |       73.31% |       72.77% |       48.38% |       48.38%
>> 正在测试 n_clf = 50 ... 73.54% | 73.15% | 50.46% | 50.46%
    50 |       73.54% |       73.15% |       50.46% |       50.46%
>> 正在测试 n_clf = 80 ... 74.00% | 73.92% | 44.54% | 44.54%
    80 |       74.00% |       73.92% |       44.54% |       44.54%
>> 正在测试 n_clf = 100 ... 73.85% | 74.54% | 49.54% | 49.54%
   100 |       73.85% |       74.54% |       49.54% |       49.54%
>> 正在测试 n_clf = 150 ... 74.46% | 74.54% | 48.62% | 48.62%
   150 |       74.46% |       74.54% |       48.62% |       48.62%

准确率曲线已保存: ./n_clf_accuracy_curve.png

=== 弱分类器数量对比分析完成 ===
