============================================================
PCA 降维维度对比分析
运行时间: 2026-04-07 13:35:13
============================================================
计算设备: cuda
训练集: 320 张, 测试集: 80 张
原始特征维度: 10304

    K值 |       欧氏距离 |      余弦相似度 |    PCA+SVM
----------------------------------------------------
     2 |     35.00% |     18.75% |     28.75%
     3 |     63.75% |     40.00% |     57.50%
     5 |     81.25% |     76.25% |     78.75%
    10 |     95.00% |     95.00% |     91.25%
    20 |     95.00% |     95.00% |     96.25%
    30 |     95.00% |     95.00% |     96.25%
    40 |     95.00% |     95.00% |     97.50%
    50 |     95.00% |     95.00% |     97.50%
    80 |     96.25% |     96.25% |     97.50%
   100 |     96.25% |     96.25% |     96.25%
   150 |     96.25% |     96.25% |     96.25%

准确率曲线已保存: ./dimension_accuracy_curve.png

=== 维度对比分析完成 ===
============================================================
PCA 降维维度对比分析
运行时间: 2026-04-07 13:40:30
============================================================
计算设备: cuda
训练集: 320 张, 测试集: 80 张
原始特征维度: 10304

    K值 |       欧氏距离 |      余弦相似度 |    PCA+SVM
----------------------------------------------------
     2 |     35.00% |     18.75% |     28.75%
     3 |     63.75% |     40.00% |     57.50%
     5 |     81.25% |     76.25% |     78.75%
    10 |     95.00% |     95.00% |     91.25%
    20 |     95.00% |     95.00% |     96.25%
    30 |     95.00% |     95.00% |     96.25%
    40 |     95.00% |     95.00% |     97.50%
    50 |     95.00% |     95.00% |     97.50%
    80 |     96.25% |     96.25% |     97.50%
   100 |     96.25% |     96.25% |     96.25%
   150 |     96.25% |     96.25% |     96.25%

准确率曲线已保存: ./dimension_accuracy_curve.png

=== 维度对比分析完成 ===
